<?xml version="1.0" encoding="UTF-8"?>
<!-- Generated by org.testng.reporters.JUnitReportReporter -->
<testsuite skipped="0" hostname="E0366482" name="Test.test" tests="2" failures="0" timestamp="02 Mar 2018 05:07:38 GMT" time="0.024" errors="0">
  <testcase name="Dummy_test_to_fail" time="0.021" classname="Test.test"/>
  <testcase name="Dummy_test_to_pass" time="0.003" classname="Test.test"/>
</testsuite> <!-- Test.test -->
